\BOOKMARK [1][-]{section.1}{Introduction}{}% 1
\BOOKMARK [2][-]{subsection.1.1}{Philosophy of ArcheryOS}{section.1}% 2
\BOOKMARK [1][-]{section.2}{Installation}{}% 3
\BOOKMARK [1][-]{section.3}{i3}{}% 4
\BOOKMARK [2][-]{subsection.3.1}{Introduction to i3}{section.3}% 5
\BOOKMARK [2][-]{subsection.3.2}{keybinds}{section.3}% 6
\BOOKMARK [3][-]{subsubsection.3.2.1}{i3 basics}{subsection.3.2}% 7
\BOOKMARK [3][-]{subsubsection.3.2.2}{Programs}{subsection.3.2}% 8
\BOOKMARK [1][-]{section.4}{Pentesting}{}% 9
\BOOKMARK [2][-]{subsection.4.1}{List of pentesting tools installed}{section.4}% 10
\BOOKMARK [3][-]{subsubsection.4.1.1}{airbase-ng}{subsection.4.1}% 11
\BOOKMARK [3][-]{subsubsection.4.1.2}{aircrack-ng}{subsection.4.1}% 12
\BOOKMARK [3][-]{subsubsection.4.1.3}{airdecap-ng}{subsection.4.1}% 13
\BOOKMARK [3][-]{subsubsection.4.1.4}{airdecloak-ng}{subsection.4.1}% 14
\BOOKMARK [3][-]{subsubsection.4.1.5}{aireplay-ng}{subsection.4.1}% 15
\BOOKMARK [3][-]{subsubsection.4.1.6}{airmon-ng}{subsection.4.1}% 16
\BOOKMARK [3][-]{subsubsection.4.1.7}{airodump-ng}{subsection.4.1}% 17
\BOOKMARK [3][-]{subsubsection.4.1.8}{airolib-ng}{subsection.4.1}% 18
\BOOKMARK [3][-]{subsubsection.4.1.9}{airserv-ng}{subsection.4.1}% 19
\BOOKMARK [3][-]{subsubsection.4.1.10}{airtun-ng}{subsection.4.1}% 20
\BOOKMARK [3][-]{subsubsection.4.1.11}{airventriloquist-ng}{subsection.4.1}% 21
